<?xml version="1.0" encoding="UTF-8"?>
<!-- Generated by org.testng.reporters.JUnitReportReporter -->
<testsuite hostname="DESKTOP-KGJE1PN" failures="0" tests="1" name="ShubhamDeshmukh.AppiumProject.ValidateButtonOnLogin" time="64.548" errors="0" timestamp="2022-11-02T17:45:02 IST" skipped="0">
  <testcase classname="ShubhamDeshmukh.AppiumProject.ValidateButtonOnLogin" name="start" time="64.548"/>
  <system-out/>
</testsuite> <!-- ShubhamDeshmukh.AppiumProject.ValidateButtonOnLogin -->
