<?xml version="1.0" encoding="UTF-8"?>
<!-- Generated by org.testng.reporters.JUnitReportReporter -->
<testsuite hostname="DESKTOP-KGJE1PN" failures="0" tests="1" name="ShubhamDeshmukh.AppiumProject.FlashPage" time="65.603" errors="0" timestamp="2022-11-02T17:13:22 IST" skipped="0">
  <testcase classname="ShubhamDeshmukh.AppiumProject.FlashPage" name="start" time="65.603"/>
  <system-out/>
</testsuite> <!-- ShubhamDeshmukh.AppiumProject.FlashPage -->
